# JRE version: OpenJDK Runtime Environment (8.0_76-b03) (build 1.8.0_76-release-b03)
# Java VM: OpenJDK 64-Bit Server VM (25.76-b03 mixed mode linux-amd64 compressed oops)
Heap:
 PSYoungGen      total 438272K, used 0K [0x00000000e0000000, 0x0000000100000000, 0x0000000100000000)
  eden space 350720K, 0% used [0x00000000e0000000,0x00000000e0000000,0x00000000f5680000)
  from space 87552K, 0% used [0x00000000faa80000,0x00000000faa80000,0x0000000100000000)
  to   space 86016K, 0% used [0x00000000f5680000,0x00000000f5680000,0x00000000faa80000)
 ParOldGen       total 274432K, used 217357K [0x00000000a0000000, 0x00000000b0c00000, 0x00000000e0000000)
  object space 274432K, 79% used [0x00000000a0000000,0x00000000ad443530,0x00000000b0c00000)
 Metaspace       used 63203K, capacity 64674K, committed 65024K, reserved 1105920K
  class space    used 8026K, capacity 8321K, committed 8448K, reserved 1048576K
GC Heap History (10 events):
Event: 31.457 GC heap after
Heap after GC invocations=32 (full 5):
 PSYoungGen      total 411648K, used 48122K [0x00000000e0000000, 0x0000000100000000, 0x0000000100000000)
  eden space 363520K, 0% used [0x00000000e0000000,0x00000000e0000000,0x00000000f6300000)
  from space 48128K, 99% used [0x00000000f6300000,0x00000000f91fe8a0,0x00000000f9200000)
  to   space 81408K, 0% used [0x00000000fb080000,0x00000000fb080000,0x0000000100000000)
 ParOldGen       total 188928K, used 188860K [0x00000000a0000000, 0x00000000ab880000, 0x00000000e0000000)
  object space 188928K, 99% used [0x00000000a0000000,0x00000000ab86f158,0x00000000ab880000)
 Metaspace       used 63160K, capacity 64610K, committed 64768K, reserved 1105920K
  class space    used 8024K, capacity 8321K, committed 8448K, reserved 1048576K
}
Event: 31.457 GC heap before
{Heap before GC invocations=33 (full 6):
 PSYoungGen      total 411648K, used 48122K [0x00000000e0000000, 0x0000000100000000, 0x0000000100000000)
  eden space 363520K, 0% used [0x00000000e0000000,0x00000000e0000000,0x00000000f6300000)
  from space 48128K, 99% used [0x00000000f6300000,0x00000000f91fe8a0,0x00000000f9200000)
  to   space 81408K, 0% used [0x00000000fb080000,0x00000000fb080000,0x0000000100000000)
 ParOldGen       total 188928K, used 188860K [0x00000000a0000000, 0x00000000ab880000, 0x00000000e0000000)
  object space 188928K, 99% used [0x00000000a0000000,0x00000000ab86f158,0x00000000ab880000)
 Metaspace       used 63160K, capacity 64610K, committed 64768K, reserved 1105920K
  class space    used 8024K, capacity 8321K, committed 8448K, reserved 1048576K
Event: 31.842 GC heap after
Heap after GC invocations=33 (full 6):
 PSYoungGen      total 411648K, used 0K [0x00000000e0000000, 0x0000000100000000, 0x0000000100000000)
  eden space 363520K, 0% used [0x00000000e0000000,0x00000000e0000000,0x00000000f6300000)
  from space 48128K, 0% used [0x00000000f6300000,0x00000000f6300000,0x00000000f9200000)
  to   space 81408K, 0% used [0x00000000fb080000,0x00000000fb080000,0x0000000100000000)
 ParOldGen       total 274432K, used 163628K [0x00000000a0000000, 0x00000000b0c00000, 0x00000000e0000000)
  object space 274432K, 59% used [0x00000000a0000000,0x00000000a9fcb218,0x00000000b0c00000)
 Metaspace       used 63160K, capacity 64610K, committed 64768K, reserved 1105920K
  class space    used 8024K, capacity 8321K, committed 8448K, reserved 1048576K
}
Event: 32.401 GC heap before
{Heap before GC invocations=34 (full 6):
 PSYoungGen      total 411648K, used 363520K [0x00000000e0000000, 0x0000000100000000, 0x0000000100000000)
  eden space 363520K, 100% used [0x00000000e0000000,0x00000000f6300000,0x00000000f6300000)
  from space 48128K, 0% used [0x00000000f6300000,0x00000000f6300000,0x00000000f9200000)
  to   space 81408K, 0% used [0x00000000fb080000,0x00000000fb080000,0x0000000100000000)
 ParOldGen       total 274432K, used 163628K [0x00000000a0000000, 0x00000000b0c00000, 0x00000000e0000000)
  object space 274432K, 59% used [0x00000000a0000000,0x00000000a9fcb218,0x00000000b0c00000)
 Metaspace       used 63185K, capacity 64610K, committed 64768K, reserved 1105920K
  class space    used 8024K, capacity 8321K, committed 8448K, reserved 1048576K
Event: 32.466 GC heap after
Heap after GC invocations=34 (full 6):
 PSYoungGen      total 443904K, used 44569K [0x00000000e0000000, 0x0000000100000000, 0x0000000100000000)
  eden space 362496K, 0% used [0x00000000e0000000,0x00000000e0000000,0x00000000f6200000)
  from space 81408K, 54% used [0x00000000fb080000,0x00000000fdc067b8,0x0000000100000000)
  to   space 80384K, 0% used [0x00000000f6200000,0x00000000f6200000,0x00000000fb080000)
 ParOldGen       total 274432K, used 163636K [0x00000000a0000000, 0x00000000b0c00000, 0x00000000e0000000)
  object space 274432K, 59% used [0x00000000a0000000,0x00000000a9fcd218,0x00000000b0c00000)
 Metaspace       used 63185K, capacity 64610K, committed 64768K, reserved 1105920K
  class space    used 8024K, capacity 8321K, committed 8448K, reserved 1048576K
}
Event: 33.039 GC heap before
{Heap before GC invocations=35 (full 6):
 PSYoungGen      total 443904K, used 407065K [0x00000000e0000000, 0x0000000100000000, 0x0000000100000000)
  eden space 362496K, 100% used [0x00000000e0000000,0x00000000f6200000,0x00000000f6200000)
  from space 81408K, 54% used [0x00000000fb080000,0x00000000fdc067b8,0x0000000100000000)
  to   space 80384K, 0% used [0x00000000f6200000,0x00000000f6200000,0x00000000fb080000)
 ParOldGen       total 274432K, used 163636K [0x00000000a0000000, 0x00000000b0c00000, 0x00000000e0000000)
  object space 274432K, 59% used [0x00000000a0000000,0x00000000a9fcd218,0x00000000b0c00000)
 Metaspace       used 63200K, capacity 64674K, committed 65024K, reserved 1105920K
  class space    used 8026K, capacity 8321K, committed 8448K, reserved 1048576K
Event: 33.117 GC heap after
Heap after GC invocations=35 (full 6):
 PSYoungGen      total 429056K, used 66376K [0x00000000e0000000, 0x0000000100000000, 0x0000000100000000)
  eden space 362496K, 0% used [0x00000000e0000000,0x00000000e0000000,0x00000000f6200000)
  from space 66560K, 99% used [0x00000000f6200000,0x00000000fa2d20c8,0x00000000fa300000)
  to   space 87552K, 0% used [0x00000000faa80000,0x00000000faa80000,0x0000000100000000)
 ParOldGen       total 274432K, used 199681K [0x00000000a0000000, 0x00000000b0c00000, 0x00000000e0000000)
  object space 274432K, 72% used [0x00000000a0000000,0x00000000ac3007c8,0x00000000b0c00000)
 Metaspace       used 63200K, capacity 64674K, committed 65024K, reserved 1105920K
  class space    used 8026K, capacity 8321K, committed 8448K, reserved 1048576K
}
Event: 33.796 GC heap before
{Heap before GC invocations=36 (full 6):
 PSYoungGen      total 429056K, used 428872K [0x00000000e0000000, 0x0000000100000000, 0x0000000100000000)
  eden space 362496K, 100% used [0x00000000e0000000,0x00000000f6200000,0x00000000f6200000)
  from space 66560K, 99% used [0x00000000f6200000,0x00000000fa2d20c8,0x00000000fa300000)
  to   space 87552K, 0% used [0x00000000faa80000,0x00000000faa80000,0x0000000100000000)
 ParOldGen       total 274432K, used 199681K [0x00000000a0000000, 0x00000000b0c00000, 0x00000000e0000000)
  object space 274432K, 72% used [0x00000000a0000000,0x00000000ac3007c8,0x00000000b0c00000)
 Metaspace       used 63203K, capacity 64674K, committed 65024K, reserved 1105920K
  class space    used 8026K, capacity 8321K, committed 8448K, reserved 1048576K
Event: 33.906 GC heap after
Heap after GC invocations=36 (full 6):
 PSYoungGen      total 438272K, used 47550K [0x00000000e0000000, 0x0000000100000000, 0x0000000100000000)
  eden space 350720K, 0% used [0x00000000e0000000,0x00000000e0000000,0x00000000f5680000)
  from space 87552K, 54% used [0x00000000faa80000,0x00000000fd8efb98,0x0000000100000000)
  to   space 86016K, 0% used [0x00000000f5680000,0x00000000f5680000,0x00000000faa80000)
 ParOldGen       total 274432K, used 252910K [0x00000000a0000000, 0x00000000b0c00000, 0x00000000e0000000)
  object space 274432K, 92% used [0x00000000a0000000,0x00000000af6fbaa8,0x00000000b0c00000)
 Metaspace       used 63203K, capacity 64674K, committed 65024K, reserved 1105920K
  class space    used 8026K, capacity 8321K, committed 8448K, reserved 1048576K
}
Event: 33.919 GC heap before
{Heap before GC invocations=37 (full 7):
 PSYoungGen      total 438272K, used 47550K [0x00000000e0000000, 0x0000000100000000, 0x0000000100000000)
  eden space 350720K, 0% used [0x00000000e0000000,0x00000000e0000000,0x00000000f5680000)
  from space 87552K, 54% used [0x00000000faa80000,0x00000000fd8efb98,0x0000000100000000)
  to   space 86016K, 0% used [0x00000000f5680000,0x00000000f5680000,0x00000000faa80000)
 ParOldGen       total 274432K, used 252910K [0x00000000a0000000, 0x00000000b0c00000, 0x00000000e0000000)
  object space 274432K, 92% used [0x00000000a0000000,0x00000000af6fbaa8,0x00000000b0c00000)
 Metaspace       used 63203K, capacity 64674K, committed 65024K, reserved 1105920K
  class space    used 8026K, capacity 8321K, committed 8448K, reserved 1048576K

